0 info it worked if it ends with ok
1 verbose cli [ 'C:\\Program Files\\nodejs\\node.exe',
1 verbose cli   'C:\\Users\\rdethurens\\AppData\\Roaming\\npm\\node_modules\\npm\\bin\\npm-cli.js',
1 verbose cli   'version',
1 verbose cli   '0.1.0' ]
2 info using npm@4.1.2
3 info using node@v4.4.0
4 error version No valid package.json found
5 verbose stack SyntaxError: Unexpected token }
5 verbose stack     at Object.parse (native)
5 verbose stack     at C:\Users\rdethurens\AppData\Roaming\npm\node_modules\npm\lib\version.js:114:19
5 verbose stack     at C:\Users\rdethurens\AppData\Roaming\npm\node_modules\npm\node_modules\graceful-fs\graceful-fs.js:78:16
5 verbose stack     at FSReqWrap.readFileAfterClose [as oncomplete] (fs.js:380:3)
6 verbose cwd C:\Dev\test\git\module-test-name
7 error Windows_NT 10.0.14393
8 error argv "C:\\Program Files\\nodejs\\node.exe" "C:\\Users\\rdethurens\\AppData\\Roaming\\npm\\node_modules\\npm\\bin\\npm-cli.js" "version" "0.1.0"
9 error node v4.4.0
10 error npm  v4.1.2
11 error Unexpected token }
12 error If you need help, you may report this error at:
12 error     <https://github.com/npm/npm/issues>
13 verbose exit [ 1, true ]
